INFO 2024-11-22 20:36:23,792 autoreload 677 Watching for file changes with StatReloader
INFO 2024-11-22 20:37:20,511 autoreload 677 Watching for file changes with StatReloader
INFO 2024-11-22 20:37:26,347 autoreload 677 Watching for file changes with StatReloader
INFO 2024-11-22 20:38:42,102 autoreload 677 Watching for file changes with StatReloader
INFO 2024-11-22 20:41:07,617 autoreload 677 Watching for file changes with StatReloader
INFO 2024-11-22 20:41:11,919 basehttp 187 "GET /admin/ HTTP/1.1" 302 0
INFO 2024-11-22 20:41:11,933 basehttp 187 "GET /admin/login/?next=/admin/ HTTP/1.1" 200 4061
WARNING 2024-11-22 20:41:13,234 log 241 Not Found: /favicon.ico
WARNING 2024-11-22 20:41:13,234 basehttp 187 "GET /favicon.ico HTTP/1.1" 404 2344
INFO 2024-11-22 20:41:31,650 basehttp 187 "POST /admin/login/?next=/admin/ HTTP/1.1" 302 0
INFO 2024-11-22 20:41:31,669 basehttp 187 "GET /admin/ HTTP/1.1" 200 15902
INFO 2024-11-22 20:41:32,662 basehttp 187 "GET /admin/index/addressuser HTTP/1.1" 301 0
INFO 2024-11-22 20:41:32,698 basehttp 187 "GET /admin/index/addressuser/ HTTP/1.1" 200 25445
INFO 2024-11-22 20:41:32,712 basehttp 187 "GET /admin/jsi18n/ HTTP/1.1" 200 8603
INFO 2024-11-22 20:48:09,750 autoreload 677 Watching for file changes with StatReloader
INFO 2024-11-22 20:48:12,638 basehttp 187 "GET /admin/ HTTP/1.1" 200 15902
INFO 2024-11-22 20:48:13,978 basehttp 187 "GET /admin/ HTTP/1.1" 200 15902
INFO 2024-11-22 20:48:14,425 basehttp 187 "GET /admin/ HTTP/1.1" 200 15902
INFO 2024-11-22 20:48:14,589 basehttp 187 "GET /admin/ HTTP/1.1" 200 15902
INFO 2024-11-22 20:48:14,755 basehttp 187 "GET /admin/ HTTP/1.1" 200 15902
INFO 2024-11-22 20:48:14,902 basehttp 187 "GET /admin/ HTTP/1.1" 200 15902
INFO 2024-11-22 20:48:15,362 basehttp 187 "GET /admin/index/addressuser HTTP/1.1" 301 0
INFO 2024-11-22 20:48:15,394 basehttp 187 "GET /admin/index/addressuser/ HTTP/1.1" 200 25445
INFO 2024-11-22 20:48:15,406 basehttp 187 "GET /admin/jsi18n/ HTTP/1.1" 200 8603
